c:\users\nguye\source\repos\gameproject\gameproject\trainingframework\debug-nvidia\vc142.pdb
c:\users\nguye\source\repos\gameproject\gameproject\trainingframework\debug-nvidia\vc142.idb
c:\users\nguye\source\repos\gameproject\gameproject\trainingframework\debug-nvidia\trainingframework.obj
c:\users\nguye\source\repos\gameproject\gameproject\trainingframework\debug-nvidia\gsplay.obj
c:\users\nguye\source\repos\gameproject\gameproject\trainingframework\debug-nvidia\gsmenu.obj
c:\users\nguye\source\repos\gameproject\gameproject\trainingframework\debug-nvidia\gsintro.obj
c:\users\nguye\source\repos\gameproject\gameproject\trainingframework\debug-nvidia\gamestatemachine.obj
c:\users\nguye\source\repos\gameproject\gameproject\trainingframework\debug-nvidia\texture.obj
c:\users\nguye\source\repos\gameproject\gameproject\trainingframework\debug-nvidia\text.obj
c:\users\nguye\source\repos\gameproject\gameproject\trainingframework\debug-nvidia\shader.obj
c:\users\nguye\source\repos\gameproject\gameproject\trainingframework\debug-nvidia\model.obj
c:\users\nguye\source\repos\gameproject\gameproject\trainingframework\debug-nvidia\sprite3d.obj
c:\users\nguye\source\repos\gameproject\gameproject\trainingframework\debug-nvidia\camera.obj
c:\users\nguye\source\repos\gameproject\gameproject\trainingframework\debug-nvidia\sprite2d.obj
c:\users\nguye\source\repos\gameproject\gameproject\trainingframework\debug-nvidia\gamebutton.obj
c:\users\nguye\source\repos\gameproject\gameproject\trainingframework\debug-nvidia\font.obj
c:\users\nguye\source\repos\gameproject\gameproject\trainingframework\debug-nvidia\resourcemanagers.obj
c:\users\nguye\source\repos\gameproject\gameproject\trainingframework\debug-nvidia\application.obj
c:\users\nguye\source\repos\gameproject\gameproject\trainingframework\debug-nvidia\gscredit.obj
c:\users\nguye\source\repos\gameproject\gameproject\trainingframework\debug-nvidia\gamestatebase.obj
c:\users\nguye\source\repos\gameproject\gameproject\trainingframework\debug-nvidia\animationsprite.obj
c:\users\nguye\source\repos\gameproject\gameproject\trainingframework\debug-nvidia\gamemap.obj
c:\users\nguye\source\repos\gameproject\gameproject\trainingframework\debug-nvidia\fox.obj
c:\users\nguye\source\repos\gameproject\gameproject\trainingframework\debug-nvidia\enermy.obj
c:\users\nguye\source\repos\gameproject\gameproject\trainingframework\debug-nvidia\ground.obj
c:\users\nguye\source\repos\gameproject\gameproject\trainingframework\debug-nvidia\boom.obj
c:\users\nguye\source\repos\gameproject\gameproject\trainingframework\debug-nvidia\fire.obj
c:\users\nguye\source\repos\gameproject\gameproject\trainingframework\debug-nvidia\gsmap1.obj
c:\users\nguye\source\repos\gameproject\gameproject\trainingframework\debug-nvidia\enemy.obj
c:\users\nguye\source\repos\gameproject\gameproject\trainingframework\debug-nvidia\scratch.obj
c:\users\nguye\source\repos\gameproject\gameproject\trainingframework\debug-nvidia\gsgameover.obj
c:\users\nguye\source\repos\gameproject\gameproject\trainingframework\debug-nvidia\gswin.obj
c:\users\nguye\source\repos\gameproject\gameproject\trainingframework\debug-nvidia\spirit.obj
c:\users\nguye\source\repos\gameproject\gameproject\trainingframework\debug-nvidia\gsfinal.obj
c:\users\nguye\source\repos\gameproject\gameproject\bin-nvidia\trainingframework.exe
c:\users\nguye\source\repos\gameproject\gameproject\trainingframework\debug-nvidia\trainingframework.ilk
c:\users\nguye\source\repos\gameproject\gameproject\bin-nvidia\trainingframework.pdb
c:\users\nguye\source\repos\gameproject\gameproject\trainingframework\debug-nvidia\gsend.obj
c:\users\nguye\source\repos\gameproject\gameproject\trainingframework\debug-nvidia\timer.obj
c:\users\nguye\source\repos\gameproject\gameproject\\bin-nvidia\trainingframework.pdb
c:\users\nguye\source\repos\gameproject\gameproject\trainingframework\debug-nvidia\training.fc024ec8.tlog\cl.command.1.tlog
c:\users\nguye\source\repos\gameproject\gameproject\trainingframework\debug-nvidia\training.fc024ec8.tlog\cl.read.1.tlog
c:\users\nguye\source\repos\gameproject\gameproject\trainingframework\debug-nvidia\training.fc024ec8.tlog\cl.write.1.tlog
c:\users\nguye\source\repos\gameproject\gameproject\trainingframework\debug-nvidia\training.fc024ec8.tlog\link.command.1.tlog
c:\users\nguye\source\repos\gameproject\gameproject\trainingframework\debug-nvidia\training.fc024ec8.tlog\link.read.1.tlog
c:\users\nguye\source\repos\gameproject\gameproject\trainingframework\debug-nvidia\training.fc024ec8.tlog\link.write.1.tlog
